Error: hangup
   rax 00007ffdc995eb08, rbx 0000000035b24ce0, rcx 000000000003d060
   rdx 0000000000000030, rsp 00007ffdc995e638, rbp 00007ffdc995e6a0
   rsi 000000000003a100, rdi 0000000035cd2fe0, r8  0000000000000000
   r9  0000000000000010, r10 000000000000000f, r11 0000000000000246
   r12 0000000035d0d160, r13 0000000000000002, r14 00007ffdc995edd0
   r15 000000000144b220
Error: hangup
   rax fffffffffffffffc, rbx 00007ffccfb36cd0, rcx ffffffffffffffff
   rdx 0000000000000000, rsp 00007ffccfb36c98, rbp 0000000000000001
   rsi 00007ffccfb36cd0, rdi 0000000000004c5e, r8  00002b2d234ac4e0
   r9  0000000000000000, r10 0000000000000000, r11 0000000000000246
   r12 00007ffccfb36cf0, r13 000000000000005c, r14 0000000000000000
   r15 00007ffccfb3d6b0
  /lib/x86_64-linux-gnu/libpthread.so.0(+0xf890) [0x2b6538217890]
  /opt/g16/l502.exe() [0x111d5c4]
  /lib/x86_64-linux-gnu/libpthread.so.0(+0xf890) [0x2b2d22bf6890]
  /lib/x86_64-linux-gnu/libc.so.6(waitpid+0x1c) [0x2b2d231beb3c]
  /lib/x86_64-linux-gnu/libc.so.6(+0x4112b) [0x2b2d2314612b]
  g16() [0x406fad]
  g16() [0x405ad2]
  g16() [0x4047ab]
  /lib/x86_64-linux-gnu/libc.so.6(__libc_start_main+0xf5) [0x2b2d23126b45]
  g16(sched_setaffinity+0xc1) [0x4046d9]
